0 info it worked if it ends with ok
1 verbose cli [ '/usr/local/bin/node', '/usr/local/bin/npm', 'install', '-g' ]
2 info using npm@4.1.2
3 info using node@v7.6.0
4 silly loadCurrentTree Starting
5 silly install loadCurrentTree
6 silly install readGlobalPackageData
7 silly fetchPackageMetaData .
8 silly fetchDirectoryPackageData .
9 silly install normalizeTree
10 silly loadCurrentTree Finishing
11 silly loadIdealTree Starting
12 silly install loadIdealTree
13 silly cloneCurrentTree Starting
14 silly install cloneCurrentTreeToIdealTree
15 silly cloneCurrentTree Finishing
16 silly loadShrinkwrap Starting
17 silly install loadShrinkwrap
18 silly loadShrinkwrap Finishing
19 silly loadAllDepsIntoIdealTree Starting
20 silly install loadAllDepsIntoIdealTree
21 silly resolveWithNewModule playkit-js-providers@1.0.0 checking installable status
22 silly cache add args [ '.', null ]
23 verbose cache add spec .
24 silly cache add parsed spec Result {
24 silly cache add   raw: '.',
24 silly cache add   scope: null,
24 silly cache add   escapedName: null,
24 silly cache add   name: null,
24 silly cache add   rawSpec: '.',
24 silly cache add   spec: '/Users/tanya.libatter/Sources/playkit-js-providers',
24 silly cache add   type: 'directory' }
25 verbose addLocalDirectory /Users/tanya.libatter/.npm/playkit-js-providers/1.0.0/package.tgz not in flight; packing
26 verbose correctMkdir /Users/tanya.libatter/.npm correctMkdir not in flight; initializing
27 info lifecycle playkit-js-providers@1.0.0~prepublish: playkit-js-providers@1.0.0
28 silly lifecycle playkit-js-providers@1.0.0~prepublish: no script for prepublish, continuing
29 info lifecycle playkit-js-providers@1.0.0~prepare: playkit-js-providers@1.0.0
30 silly lifecycle playkit-js-providers@1.0.0~prepare: no script for prepare, continuing
31 verbose tar pack [ '/Users/tanya.libatter/.npm/playkit-js-providers/1.0.0/package.tgz',
31 verbose tar pack   '/Users/tanya.libatter/Sources/playkit-js-providers' ]
32 verbose tarball /Users/tanya.libatter/.npm/playkit-js-providers/1.0.0/package.tgz
33 verbose folder /Users/tanya.libatter/Sources/playkit-js-providers
34 verbose addLocalTarball adding from inside cache /Users/tanya.libatter/.npm/playkit-js-providers/1.0.0/package.tgz
35 verbose correctMkdir /Users/tanya.libatter/.npm correctMkdir not in flight; initializing
36 silly cache afterAdd playkit-js-providers@1.0.0
37 verbose afterAdd /Users/tanya.libatter/.npm/playkit-js-providers/1.0.0/package/package.json not in flight; writing
38 verbose correctMkdir /Users/tanya.libatter/.npm correctMkdir not in flight; initializing
39 verbose afterAdd /Users/tanya.libatter/.npm/playkit-js-providers/1.0.0/package/package.json written
40 silly fetchOtherPackageData playkit-js@git+https://github.com/kaltura/playkit-js.git#develop
41 silly cache add args [ 'playkit-js@git+https://github.com/kaltura/playkit-js.git#develop',
41 silly cache add   null ]
42 verbose cache add spec playkit-js@git+https://github.com/kaltura/playkit-js.git#develop
43 silly cache add parsed spec Result {
43 silly cache add   raw: 'playkit-js@git+https://github.com/kaltura/playkit-js.git#develop',
43 silly cache add   scope: null,
43 silly cache add   escapedName: 'playkit-js',
43 silly cache add   name: 'playkit-js',
43 silly cache add   rawSpec: 'git+https://github.com/kaltura/playkit-js.git#develop',
43 silly cache add   spec: 'git+https://github.com/kaltura/playkit-js.git#develop',
43 silly cache add   type: 'hosted',
43 silly cache add   hosted:
43 silly cache add    { type: 'github',
43 silly cache add      ssh: 'git@github.com:kaltura/playkit-js.git#develop',
43 silly cache add      sshUrl: 'git+ssh://git@github.com/kaltura/playkit-js.git#develop',
43 silly cache add      httpsUrl: 'git+https://github.com/kaltura/playkit-js.git#develop',
43 silly cache add      gitUrl: 'git://github.com/kaltura/playkit-js.git#develop',
43 silly cache add      shortcut: 'github:kaltura/playkit-js#develop',
43 silly cache add      directUrl: 'https://raw.githubusercontent.com/kaltura/playkit-js/develop/package.json' } }
44 verbose addRemoteGit caching git+https://github.com/kaltura/playkit-js.git#develop
45 verbose addRemoteGit git+https://github.com/kaltura/playkit-js.git#develop is a repository hosted by github
46 silly tryClone cloning git+https://github.com/kaltura/playkit-js.git#develop via git+https://github.com/kaltura/playkit-js.git#develop
47 verbose tryClone git-https-github-com-kaltura-playkit-js-git-develop-4d70791e not in flight; caching
48 verbose correctMkdir /Users/tanya.libatter/.npm/_git-remotes correctMkdir not in flight; initializing
49 info git [ 'clone',
49 info git   '--template=/Users/tanya.libatter/.npm/_git-remotes/_templates',
49 info git   '--mirror',
49 info git   'https://github.com/kaltura/playkit-js.git',
49 info git   '/Users/tanya.libatter/.npm/_git-remotes/git-https-github-com-kaltura-playkit-js-git-develop-4d70791e' ]
50 error git clone --template=/Users/tanya.libatter/.npm/_git-remotes/_templates --mirror https://github.com/kaltura/playkit-js.git /Users/tanya.libatter/.npm/_git-remotes/git-https-github-com-kaltura-playkit-js-git-develop-4d70791e: Cloning into bare repository '/Users/tanya.libatter/.npm/_git-remotes/git-https-github-com-kaltura-playkit-js-git-develop-4d70791e'...
50 error git clone --template=/Users/tanya.libatter/.npm/_git-remotes/_templates --mirror https://github.com/kaltura/playkit-js.git /Users/tanya.libatter/.npm/_git-remotes/git-https-github-com-kaltura-playkit-js-git-develop-4d70791e: remote: Invalid username or password.
50 error git clone --template=/Users/tanya.libatter/.npm/_git-remotes/_templates --mirror https://github.com/kaltura/playkit-js.git /Users/tanya.libatter/.npm/_git-remotes/git-https-github-com-kaltura-playkit-js-git-develop-4d70791e: fatal: Authentication failed for 'https://github.com/kaltura/playkit-js.git/'
51 silly fetchPackageMetaData Error: Command failed: git clone --template=/Users/tanya.libatter/.npm/_git-remotes/_templates --mirror https://github.com/kaltura/playkit-js.git /Users/tanya.libatter/.npm/_git-remotes/git-https-github-com-kaltura-playkit-js-git-develop-4d70791e
51 silly fetchPackageMetaData Cloning into bare repository '/Users/tanya.libatter/.npm/_git-remotes/git-https-github-com-kaltura-playkit-js-git-develop-4d70791e'...
51 silly fetchPackageMetaData remote: Invalid username or password.
51 silly fetchPackageMetaData fatal: Authentication failed for 'https://github.com/kaltura/playkit-js.git/'
51 silly fetchPackageMetaData
51 silly fetchPackageMetaData     at ChildProcess.exithandler (child_process.js:211:12)
51 silly fetchPackageMetaData     at emitTwo (events.js:106:13)
51 silly fetchPackageMetaData     at ChildProcess.emit (events.js:192:7)
51 silly fetchPackageMetaData     at maybeClose (internal/child_process.js:890:16)
51 silly fetchPackageMetaData     at Socket.<anonymous> (internal/child_process.js:334:11)
51 silly fetchPackageMetaData     at emitOne (events.js:96:13)
51 silly fetchPackageMetaData     at Socket.emit (events.js:189:7)
51 silly fetchPackageMetaData     at Pipe._handle.close [as _onclose] (net.js:501:12)
51 silly fetchPackageMetaData  error for playkit-js@git+https://github.com/kaltura/playkit-js.git#develop { Error: Command failed: git clone --template=/Users/tanya.libatter/.npm/_git-remotes/_templates --mirror https://github.com/kaltura/playkit-js.git /Users/tanya.libatter/.npm/_git-remotes/git-https-github-com-kaltura-playkit-js-git-develop-4d70791e
51 silly fetchPackageMetaData Cloning into bare repository '/Users/tanya.libatter/.npm/_git-remotes/git-https-github-com-kaltura-playkit-js-git-develop-4d70791e'...
51 silly fetchPackageMetaData remote: Invalid username or password.
51 silly fetchPackageMetaData fatal: Authentication failed for 'https://github.com/kaltura/playkit-js.git/'
51 silly fetchPackageMetaData
51 silly fetchPackageMetaData     at ChildProcess.exithandler (child_process.js:211:12)
51 silly fetchPackageMetaData     at emitTwo (events.js:106:13)
51 silly fetchPackageMetaData     at ChildProcess.emit (events.js:192:7)
51 silly fetchPackageMetaData     at maybeClose (internal/child_process.js:890:16)
51 silly fetchPackageMetaData     at Socket.<anonymous> (internal/child_process.js:334:11)
51 silly fetchPackageMetaData     at emitOne (events.js:96:13)
51 silly fetchPackageMetaData     at Socket.emit (events.js:189:7)
51 silly fetchPackageMetaData     at Pipe._handle.close [as _onclose] (net.js:501:12)
51 silly fetchPackageMetaData   killed: false,
51 silly fetchPackageMetaData   code: 128,
51 silly fetchPackageMetaData   signal: null,
51 silly fetchPackageMetaData   cmd: 'git clone --template=/Users/tanya.libatter/.npm/_git-remotes/_templates --mirror https://github.com/kaltura/playkit-js.git /Users/tanya.libatter/.npm/_git-remotes/git-https-github-com-kaltura-playkit-js-git-develop-4d70791e' }
52 silly rollbackFailedOptional Starting
53 silly rollbackFailedOptional Finishing
54 silly runTopLevelLifecycles Finishing
55 silly install printInstalled
56 verbose stack Error: Command failed: git clone --template=/Users/tanya.libatter/.npm/_git-remotes/_templates --mirror https://github.com/kaltura/playkit-js.git /Users/tanya.libatter/.npm/_git-remotes/git-https-github-com-kaltura-playkit-js-git-develop-4d70791e
56 verbose stack Cloning into bare repository '/Users/tanya.libatter/.npm/_git-remotes/git-https-github-com-kaltura-playkit-js-git-develop-4d70791e'...
56 verbose stack remote: Invalid username or password.
56 verbose stack fatal: Authentication failed for 'https://github.com/kaltura/playkit-js.git/'
56 verbose stack
56 verbose stack     at ChildProcess.exithandler (child_process.js:211:12)
56 verbose stack     at emitTwo (events.js:106:13)
56 verbose stack     at ChildProcess.emit (events.js:192:7)
56 verbose stack     at maybeClose (internal/child_process.js:890:16)
56 verbose stack     at Socket.<anonymous> (internal/child_process.js:334:11)
56 verbose stack     at emitOne (events.js:96:13)
56 verbose stack     at Socket.emit (events.js:189:7)
56 verbose stack     at Pipe._handle.close [as _onclose] (net.js:501:12)
57 verbose cwd /Users/tanya.libatter/Sources/playkit-js-providers
58 error Darwin 15.6.0
59 error argv "/usr/local/bin/node" "/usr/local/bin/npm" "install" "-g"
60 error node v7.6.0
61 error npm  v4.1.2
62 error code 128
63 error Command failed: git clone --template=/Users/tanya.libatter/.npm/_git-remotes/_templates --mirror https://github.com/kaltura/playkit-js.git /Users/tanya.libatter/.npm/_git-remotes/git-https-github-com-kaltura-playkit-js-git-develop-4d70791e
63 error Cloning into bare repository '/Users/tanya.libatter/.npm/_git-remotes/git-https-github-com-kaltura-playkit-js-git-develop-4d70791e'...
63 error remote: Invalid username or password.
63 error fatal: Authentication failed for 'https://github.com/kaltura/playkit-js.git/'
64 error If you need help, you may report this error at:
64 error     <https://github.com/npm/npm/issues>
65 verbose exit [ 1, true ]
